   1              		.syntax unified
   2              		.cpu cortex-m4
   3              		.fpu softvfp
   4              		.eabi_attribute 20, 1
   5              		.eabi_attribute 21, 1
   6              		.eabi_attribute 23, 3
   7              		.eabi_attribute 24, 1
   8              		.eabi_attribute 25, 1
   9              		.eabi_attribute 26, 1
  10              		.eabi_attribute 30, 2
  11              		.eabi_attribute 34, 1
  12              		.eabi_attribute 18, 4
  13              		.thumb
  14              		.syntax unified
  15              		.file	"core.cpp"
  16              		.text
  17              	.Ltext0:
  18              		.section	.gnu.lto_.profile.1ddcdf97,"",%progbits
  19 0000 789C6361 		.ascii	"x\234ca`d`a`\000\222\362\322\000\000\303\000E"
  19      60646061 
  19      600092F2 
  19      D20000C3 
  19      0045
  20              		.text
  21              		.section	.gnu.lto_.icf.1ddcdf97,"",%progbits
  22 0000 789C6361 		.ascii	"x\234ca`d\000\001)\006\004`a8\262\254\353\036\023\343"
  22      60640001 
  22      29060460 
  22      6138B2AC 
  22      EB1E13E3 
  23 0014 C3B73F1B 		.ascii	"\303\267?\0339\231Z\226\317\355\347`~v\340\305K6\006"
  23      39995A96 
  23      CFEDE760 
  23      7E76E0C5 
  23      4B3606
  24 0027 00A4990C 		.ascii	"\000\244\231\014+"
  24      2B
  25              		.text
  26              		.section	.gnu.lto_.jmpfuncs.1ddcdf97,"",%progbits
  27 0000 789C6361 		.ascii	"x\234ca`d\000\001\011\006\004`a`bdd\256\257g\004\202"
  27      60640001 
  27      09060460 
  27      61606264 
  27      64AEAF67 
  28 0016 7A2610C1 		.ascii	"z&\020\301\014\"\030\000!\245\002\263"
  28      0C221800 
  28      21A502B3 
  29              		.text
  30              		.section	.gnu.lto_.inline.1ddcdf97,"",%progbits
  31 0000 789C6361 		.ascii	"x\234ca`d\000\201I\014\010\300\302\300\300\316\306\310"
  31      60640081 
  31      490C08C0 
  31      C2C0C0CE 
  31      C6C8
  32 0012 C8A0C0C8 		.ascii	"\310\240\300\310\300\314\300\302\274C\234\201\275C\235"
  32      C0CCC0C2 
  32      BC439C81 
  32      BD439D
  33 0021 8981F105 		.ascii	"\211\201\361\005;\013\023\003\220\313\002R\304H\204"
  33      3B0B1303 
  33      90CB0252 
  33      C44884
  34 0030 1A26066E 		.ascii	"\032&\006n.\270\032\216\003v\014\034\037\364`jX;\324"
  34      2EB81A8E 
  34      03760C1C 
  34      1FF4606A 
  34      583BD4
  35 0043 C16A9819 		.ascii	"\301j\230\031\2708\341j8W\270a3\207\001\000q\033\017"
  35      B838E16A 
  35      3857B861 
  35      33870100 
  35      711B0F
  36 0056 8F       		.ascii	"\217"
  37              		.text
  38              		.section	.gnu.lto_.pureconst.1ddcdf97,"",%progbits
  39 0000 789C6361 		.ascii	"x\234ca`d\340d```a\220b\224b\222b\226\002\000\002\261"
  39      6064E064 
  39      60606061 
  39      90629462 
  39      92629602 
  40 0017 0081     		.ascii	"\000\201"
  41              		.text
  42              		.section	.gnu.lto__ZN5forth5words4pushERPmm.1ddcdf97,"",%progbits
  43 0000 789C7591 		.ascii	"x\234u\221\337+\203a\024\307\317\3679\357^SH)%\273\330"
  43      DF2B8361 
  43      14C7CFF7 
  43      39EF5E53 
  43      482925BB 
  44 0015 DD72B3E5 		.ascii	"\335r\263\345_\361\037h\334)k\312\355\236\3752)Lb\265"
  44      5FF11F68 
  44      DC296BCA 
  44      ED9EFD32 
  44      294C62B5 
  45 0029 26A5647E 		.ascii	"&\245d~\033\245\334h\255\244\024R\312\205\224\250]\270"
  45      1BA5DC68 
  45      ADA41452 
  45      CA8594A8 
  45      5DB8
  46 003b B222A598 		.ascii	"\262\"\245\230s^q\241<\365\276\347=O\337\317\367\374"
  46      735E71A1 
  46      3CF5BEE7 
  46      3D4FDFCF 
  46      F7FC
  47 004d 781D02E9 		.ascii	"x\035\002\351\271\225\320#\261W\0360\301\344/\210\222"
  47      B995D023 
  47      B1571E30 
  47      C1E42F88 
  47      92
  48 005e 7E03E887 		.ascii	"~\003\350\207\365\203\022\006\011\274\232\017\203Z\256"
  48      F5831206 
  48      09BC9A0F 
  48      835AAE
  49 006d 7E64FAD6 		.ascii	"~d\372\326\254\234\373\223\\\310\226\253\3102Q\323x"
  49      AC9CFB93 
  49      5CC896AB 
  49      C83251D3 
  49      78
  50 007e 4E8435F4 		.ascii	"N\2045\364\211\352*\263W\342\027\223e\300\221\264q^"
  50      89EA2AB3 
  50      57E21793 
  50      65C091B4 
  50      715E
  51 0090 7CECD0D4 		.ascii	"|\354\320\324 (\351\361\307\314\213\237\273\2226H\222"
  51      2028E9F1 
  51      C7CC8B9F 
  51      BB923648 
  51      92
  52 00a1 CDCD1E56 		.ascii	"\315\315\036V[B\2536\237\262\366n\310\266f\231\261\001"
  52      5B42AB36 
  52      9FB2F66E 
  52      C8B66699 
  52      B101
  53 00b3 1647AC23 		.ascii	"\026G\254#\2002\002$W\204M\204D=\177=}\303\334\015%"
  53      80320224 
  53      57844D84 
  53      443D7F3D 
  53      7DC3DC0D 
  54 00c8 27560A05 		.ascii	"'V\012\005\026\322\012Y\030V\322\301\326_\322!l#\244"
  54      16D20A59 
  54      1856D2C1 
  54      D65FD221 
  54      6C23A4
  55 00db F287CAE7 		.ascii	"\362\207\312\347B\273\233\321\326\203\337\015c\007\256"
  55      42BB9BD1 
  55      D683DF0D 
  55      6307AE
  56 00ea AE6077A0 		.ascii	"\256`w\240j\233\315\264\265\225\376\262\321\271\245"
  56      6A9BCDB4 
  56      B595FEB2 
  56      D1B9A5
  57 00f9 160BEB73 		.ascii	"\026\013\353s\364\345\302s\240gAt!\015c4r\035\251\367"
  57      F4E5C273 
  57      A0674174 
  57      210D6334 
  57      721DA9F7 
  58 010d A9CFA44F 		.ascii	"\251\317\244O]\322\314Ra1[\273l\3219\331\353\357\355"
  58      5DD2CC52 
  58      61315BBB 
  58      6CD139D9 
  58      EBEFED
  59 0120 F46CB26D 		.ascii	"\364l\262m\031K\262!_Zf\337\225\206\010{X\006\325\221"
  59      194BB221 
  59      5F5A66DF 
  59      9586087B 
  59      5806D591 
  60 0134 2EB9DFA0 		.ascii	".\271\337\240#\254\327\253\370-B\357\376E+\202\012\240"
  60      23ACD7AB 
  60      F82D42EF 
  60      FE452B82 
  60      0AA0
  61 0146 CAE28FF2 		.ascii	"\312\342\217\362\267\246\357oM\317x\337\003\017<\320"
  61      B7A6EF6F 
  61      4DCF78DF 
  61      030F3CD0 
  62 0156 A527A4AA 		.ascii	"\245'\244\252W\216\222\336\337z6\320Id\256\316p82\026"
  62      578E92DE 
  62      DF7A36D0 
  62      4964AECE 
  62      70383216 
  63 016a 8F46A2A3 		.ascii	"\217F\242\243\361\341p4\026#3\026\343\361\301\221/\012"
  63      F1E17034 
  63      16233316 
  63      E3F1C191 
  63      2F0A
  64 017c 629DAA   		.ascii	"b\235\252"
  65              		.text
  66              		.section	.gnu.lto__ZN5forth5words3popERPm.1ddcdf97,"",%progbits
  67 0000 789C7551 		.ascii	"x\234uQMKBA\024\2353\363x\317\242/\210V\031\270\023"
  67      4D4B4241 
  67      149D33F3 
  67      78CFA22F 
  67      885619B8 
  68 0015 37DA6FE9 		.ascii	"7\332o\351/X\353D\241\255\243\317\007\325\242l\221P"
  68      2F58EB44 
  68      A1ADA3CF 
  68      07D5A26C 
  68      9150
  69 0027 19AEC23E 		.ascii	"\031\256\302>,\265E\355D\202\010\204\212\372\001\021"
  69      2CB545ED 
  69      44820884 
  69      8AFA0111 
  70 0037 052E5A69 		.ascii	"\005.ZiY\201e\257{{-$h\340\316\235;\234s\356=3\206\200"
  70      598165AF 
  70      7B7B2D24 
  70      68E0CE9D 
  70      3B9C73EE 
  71 004f E0754A69 		.ascii	"\340uJi\202\362$\005\224\200\314^\011\221\362I\200\017"
  71      82F22405 
  71      9480CC5E 
  71      0991F249 
  71      800F
  72 0061 DA079194 		.ascii	"\332\007\221\224H\342U\366$n2\225\274\352H\207`\006"
  72      48E255F6 
  72      246E3295 
  72      BCEA4887 
  72      6006
  73 0073 95EDCBCD 		.ascii	"\225\355\313\315\307\021.\201\000\225[\372v\311\012"
  73      C7112E81 
  73      00955BFA 
  73      76C90A
  74 0082 15B54EEB 		.ascii	"\025\265N\353\373\363\306\324\306n\335p\224\024\256"
  74      FBF3C6D4 
  74      C66EDD70 
  74      9414AE
  75 0091 14D8851F 		.ascii	"\024\330\205\037E\370\271\305\036B\204\255\365V:>5\236"
  75      45F8B9C5 
  75      1E4284AD 
  75      F5563A3E 
  75      359E
  76 00a3 D20141D5 		.ascii	"\322\001A\325\332\352I\335\012\356\350lZ\353\227Y=\340"
  76      DAEA49DD 
  76      0AEEE86C 
  76      5AEB9759 
  76      3DE0
  77 00b5 28857DA8 		.ascii	"(\205}\250~&]\011\034 \310\360\207\352\327\372\260\231"
  77      7E265D09 
  77      1C20C8F0 
  77      87EAD7FA 
  77      B099
  78 00c7 D1B4022C 		.ascii	"\321\264\002,O\252%\230l\247<S\327\256kk\3751]\222\026"
  78      4FAA2598 
  78      6CA73C53 
  78      D7AE6B6B 
  78      FD315D92 
  79 00dc 79208622 		.ascii	"y \206\"\256a\360f\012\236G\264(\330[[J\316\252\211"
  79      AE61F066 
  79      0A9E47B4 
  79      28D85B5B 
  79      4ACEAA89 
  80 00f0 7477F9EE 		.ascii	"tw\371\356Y\261\210\255\0245\3109g\327\026\033S\340"
  80      59B188AD 
  80      1435C839 
  80      67D7161B 
  80      53E0
  81 0102 7EEF178D 		.ascii	"~\357\027\215\305\241\002\266A\032\266\2228d'8B\001"
  81      C5A102B6 
  81      411AB692 
  81      38642738 
  81      4201
  82 0114 A2093B6F 		.ascii	"\242\011;ozD\303\343\326\336\234\005\357\211>]\327\035"
  82      7A44C3E3 
  82      D6DE9C05 
  82      EF893E5D 
  82      D71D
  83 0126 4599C0D4 		.ascii	"E\231\300\324!\007F\375+V!1\222`dw\320\3233\373\007"
  83      210746FD 
  83      2B562131 
  83      92606477 
  83      D0D333FB 
  84 013b 31FE0E22 		.ascii	"1\376\016\"\011\215\352\017\367\230\007y\202\374\245"
  84      098DEA0F 
  84      F7980779 
  84      82FCA5
  85 014a F1A7B624 		.ascii	"\361\247\266$\330\032\031\035\013\207#\211x4\022\235"
  85      D81A191D 
  85      0B872389 
  85      7834129D 
  86 015a 8FCF85A3 		.ascii	"\217\317\205\243\261\230\220\211\3307\255.\224\326"
  86      B1989089 
  86      D837AD2E 
  86      94D6
  87              		.text
  88              		.section	.gnu.lto__ZN5forth5words5storeERPm.1ddcdf97,"",%progbits
  89 0000 789C9592 		.ascii	"x\234\225\222\337KTA\024\307\347;3\273{w\331j!\350\241"
  89      DF4B5441 
  89      14C7E73B 
  89      33BB7B77 
  89      D96A21E8 
  90 0015 16DA9745 		.ascii	"\026\332\227E\204X\377\227\376\203\330\3559Q\350)p\366"
  90      8458FF97 
  90      FE83D8ED 
  90      3951E829 
  90      70F6
  91 0027 C7CD3028 		.ascii	"\307\3150(\203\024*\305 b\355\207\251Y\266\333\217\355"
  91      83142AC5 
  91      2062ED87 
  91      A959B6DB 
  91      8FED
  92 0039 A644D0EF 		.ascii	"\246D\320\357\202 z\320\3202\360\3115\267(\262\3339"
  92      82207AD0 
  92      D032F0C9 
  92      35B728B2 
  92      DB39
  93 004b 735D4331 		.ascii	"s]C1\241\201{g\316\3149\337s\316gF\013\010\036\213J"
  93      A1817B67 
  93      CECC39DF 
  93      73CE6746 
  93      0B081E8B 
  94 0060 88BD34EF 		.ascii	"\210\2754\357\243\017J@\366\276\024\"\357H\200\027\306"
  94      A30F4A40 
  94      F6BE1422 
  94      EF488017 
  94      C6
  95 0071 81E892E8 		.ascii	"\201\350\222\350BC\256JLu/Tek\331\320\370\370\371Y\322"
  95      4243AE4A 
  95      4C752F54 
  95      656BD9D0 
  95      F8F8F959 
  96 0086 0C7B7029 		.ascii	"\014{p)\334\227VI\240\214V\362zS\032\033P+\322U\200"
  96      DC975649 
  96      A08C56F2 
  96      7A531A1B 
  96      502BD255 
  97 009b 26B3FEE2 		.ascii	"&\263\376\342\374\374N6%Rd\326VO\2558jw\336\244\004"
  97      FCFC4E36 
  97      255264D6 
  97      564FAD38 
  97      6A77DEA4 
  98 00b0 59674E4F 		.ascii	"YgNOz\221\226\313\246\267`\314l\316D]\245p\025\212\024"
  98      7A9196CB 
  98      A6B760CC 
  98      6CCE445D 
  98      A570158A 
  99 00c5 7105490C 		.ascii	"q\005I\014#)hK\340\032Z\330\375\354\304\210\033U{\300"
  99      2329684B 
  99      E01A5AD8 
  99      FDECC488 
  99      1B557BC0 
 100 00d9 EB77275F 		.ascii	"\353w'_\177\210\247/\031S0^\375\3309\343\225R\256\322"
 100      7F88A72F 
 100      1953305E 
 100      FDD839E3 
 100      9552AED2 
 101 00ed B8BE319A 		.ascii	"\270\2761\232\0079\317\215\377\356\333\021.q\345)\214"
 101      0739CF8D 
 101      FFEEDB11 
 101      2E71E529 
 101      8C
 102 00fe 201DD48C 		.ascii	" \035\324\214\033\010\023\005\360\316\350A\317\370~"
 102      1B081305 
 102      F0CEE841 
 102      CFF87E
 103 010d D178B307 		.ascii	"\321x\263\007\246\033:N\375SN-\370(D5\350\010\377\034"
 103      A61B3A4E 
 103      FD534E2D 
 103      F8284435 
 103      E808FF1C 
 104 0121 FA85A2BC 		.ascii	"\372\205\242\274\212\361J\210%\222aNu)yVs($l\276\302"
 104      8AF14A88 
 104      2592614E 
 104      75297956 
 104      7328246C 
 105 0137 8F87612A 		.ascii	"\217\207a*\216\372\362f\337\307Mo\336\331\2425\013m"
 105      8EFAF266 
 105      DFC74D6F 
 105      DED9A235 
 105      0B6D
 106 0149 14E9A292 		.ascii	"\024\351\242\222b\001\205\237=3\313jc\261f\276\256\331"
 106      6201859F 
 106      3D33CB6A 
 106      63B166BE 
 106      AED9
 107 015b C396EA4B 		.ascii	"\303\226\352Kl\356E`\014a\022\031G\270\250Bt\330\357"
 107      6CEE4560 
 107      0C611219 
 107      47B8A842 
 107      74D8EF
 108 016e 4EBD8A30 		.ascii	"N\275\2120me}\277?yz\">\204\301<9'\250l\312\204\233"
 108      6D657DBF 
 108      3F797A22 
 108      3E84C13C 
 108      3927A86C 
 109 0185 9C191318 		.ascii	"\234\031\023\030\002%-\016\034\247\244A|4\220\250}s"
 109      02252D0E 
 109      1CA7A441 
 109      7C3490A8 
 109      7D73
 110 0197 8F06D7F7 		.ascii	"\217\006\327\367\313\367\375]\270E\376T]?\330k[\315"
 110      CBF7FD5D 
 110      B845FE54 
 110      5D3FD86B 
 110      5BCD
 111 01a9 DBA44932 		.ascii	"\333\244I2\266\227X\240\031\243\200\352\314\343\005"
 111      B69758A0 
 111      19A380EA 
 111      CCE305
 112 01b8 FB0274A0 		.ascii	"\373\002t\240H[\345\311\013\323\261\277\032!\312\214"
 112      485BE5C9 
 112      0BD3B1BF 
 112      1A21CA8C 
 113 01c8 49AB7187 		.ascii	"I\253q\207\353\"\214^\275\"\355\375p\367\254\270\334"
 113      EB228C5E 
 113      BD22EDFD 
 113      70F7ACB8 
 113      DC
 114 01d9 FD3CC41B 		.ascii	"\375<\304\033E\316\030#\227\340x\204\361\351\246\371"
 114      45CE1823 
 114      97E07884 
 114      F1E9A6F9 
 115 01e9 7FE82B4D 		.ascii	"\177\350+M\364\001\205M\350\277<\222\354\361o\364U\213"
 115      F401854D 
 115      E8BF3C92 
 115      ECF16FF4 
 115      558B
 116 01fb FE2E9714 		.ascii	"\376.\227\024\241\266\327A\325\373\366\363\356\266\250"
 116      A1B6D741 
 116      D5FBF6F3 
 116      EEB6A8
 117 020a EE595491 		.ascii	"\356YT\2215TV\303\331\222Kt\215\313\375&\227\257\027"
 117      355456C3 
 117      D9924B74 
 117      8DCBFD26 
 117      97AF17
 118 021d 611BAFAC 		.ascii	"a\033\257\254qy\333\363\251\331\372\372\345\353\015"
 118      7179DBF3 
 118      A9D9FAFA 
 118      E5EB0D
 119 022c 970F2BA4 		.ascii	"\227\017+\244\361\300\012\325lfG,\222VCs\244\205\261"
 119      F1C00AD5 
 119      6C66472C 
 119      92564373 
 119      A485B1
 120 023f 441DD20B 		.ascii	"D\035\322\013\246\367\234\310d\332:;\262m\331#\035\207"
 120      A6F79CC8 
 120      64DA3A3B 
 120      B26DD923 
 120      1D87
 121 0251 33D9F676 		.ascii	"3\331\366v!;\333\365\241\\\256\343\017\213pP\344"
 121      213BDBF5 
 121      A15CAEE3 
 121      0F8B7050 
 121      E4
 122              		.text
 123              		.section	.gnu.lto__ZN5forth5words3addERPm.1ddcdf97,"",%progbits
 124 0000 789C7551 		.ascii	"x\234uQ\313J\034A\024\275\247\252\247\247\035\342\003"
 124      CB4A1C41 
 124      14BDA7AA 
 124      A7A71DE2 
 124      03
 125 0011 84B8D0C5 		.ascii	"\204\270\320\305,\"\342f\374\227\374\302$k\007\205\340"
 125      2C22E266 
 125      FC97FCC2 
 125      246B0785 
 125      E0
 126 0022 CEB2671A 		.ascii	"\316\262g\032\203\202Q\210\003>\202\213 c4\361\235\211"
 126      83825188 
 126      033E828B 
 126      206334F1 
 126      9D89
 127 0034 BA904611 		.ascii	"\272\220F\021!\220H\3102 \301\300,\\\210\202Q|\266\367"
 127      219048C8 
 127      3220C1C0 
 127      2C5C8882 
 127      517CB6F7 
 128 0048 56CF4243 		.ascii	"V\317BC,\350\252\272\305\271\347\236s\332!\220\254A"
 128      2CE8AABA 
 128      C5B9E79E 
 128      73DA2190 
 128      AC41
 129 005a 45D4C467 		.ascii	"E\324\304g3\177\320\0045\374\235\250\317S\200\\\214"
 129      337FD004 
 129      35FC9DA8 
 129      CF53805C 
 129      8C
 130 006b 07EA55E8 		.ascii	"\007\352U\350\305_u\243\260\325_YW\355%\303\353w\260"
 130      C55F75A3 
 130      B0D55F59 
 130      57ED25C3 
 130      EB77B0
 131 007e D7646642 		.ascii	"\327dfB\004\232(R\226\211PB;\243~\024\026'\365\251\012"
 131      049A2852 
 131      96895042 
 131      3BA37E14 
 131      1627F5A9 
 132 0093 34E07079 		.ascii	"4\340py\362m\374O\235\224\012i.7o\206N=\335\330g\322"
 132      F26DFC4F 
 132      9D940A69 
 132      2E376F86 
 132      4E3DDDD8 
 133 00a9 C4D5C89B 		.ascii	"\304\325\310\233r\230l\2336\303\2761\277^\230\232@k"
 133      72986C9B 
 133      36C3BE31 
 133      BF5E989A 
 133      406B
 134 00bb CC423323 		.ascii	"\314B3#>\240\0053h!~\"\314\241M\340\343\033\375~J?\205"
 134      3EA00533 
 134      68217E22 
 134      CCA14DE0 
 134      E31BFD7E 
 135 00d2 DCD7F6DF 		.ascii	"\334\327\366\337\016\242\365\2751\276\011\257z\306L"
 135      0EA2F5BD 
 135      31BE09AF 
 135      7AC64C
 136 00e1 584807DA 		.ascii	"XH\007\332\301\307\207\335\262\030|\260t;Z\353\026D"
 136      C1C787DD 
 136      B2187CB0 
 136      743B5AEB 
 136      1644
 137 00f3 791A9FD0 		.ascii	"y\032\237\320\032k\306<\\N\001\362\262\360<4Q\2247\341"
 137      1A6BC63C 
 137      5C4E01F2 
 137      B2F03C34 
 137      519437E1 
 138 0107 C5B3EDC8 		.ascii	"\305\263\355\310I\261\177\236\251yz\302\221\315%\001"
 138      49B17F9E 
 138      A9797AC2 
 138      91CD2501 
 139 0117 25F9EA7A 		.ascii	"%\371\352z\262\021\0353\203Dt\242\224\234\272\002\377"
 139      B2111D33 
 139      834474A2 
 139      949CBA02 
 139      FF
 140 0128 72E0E867 		.ascii	"r\340\350gBH\363Z\363\320b\260\265\227\024\347\332\012"
 140      4248F35A 
 140      F3D062B0 
 140      B59714E7 
 140      DA0A
 141 013a 3EDFFDFA 		.ascii	">\337\375\372\372\311\024\336qf\211<\247\261 \362\260"
 141      FAC914DE 
 141      7166893C 
 141      A7B120F2 
 141      B0
 142 014b 88295005 		.ascii	"\210)P\005\371I7nt\342\336\315\263\340U\234\341u\024"
 142      F949376E 
 142      74E2DECD 
 142      B3E0559C 
 142      E17514
 143 015e 45F55862 		.ascii	"E\365Xb0O(BP\217\222-3\031S\010\3622\025\363\271\367"
 143      304F2842 
 143      508F922D 
 143      33195308 
 143      F23215F3 
 144 0174 8524FE15 		.ascii	"\205$\376\025\302\323\034\254\330\336U\021r\000eCa\257"
 144      C2D31CAC 
 144      D8DE5511 
 144      72006543 
 144      61AF
 145 0186 DC6A7906 		.ascii	"\334jy\006\316V\252\236\222\334\273\276\277S\251\213"
 145      CE56AA9E 
 145      92DCBBBE 
 145      BF53A98B 
 146 0196 A9AC307E 		.ascii	"\251\2540~*\225'\266S\367\350>[\272r\325W\261\352\313"
 146      2A9527B6 
 146      53F7E83E 
 146      5BBA72D5 
 146      57B1EACB 
 147 01aa 633EA678 		.ascii	"c>\246x`\342\377\235_\254\011\217\016\341\207\221#P"
 147      60E2FF9D 
 147      5FAC098F 
 147      0EE18791 
 147      2350
 148 01bc FB178F15 		.ascii	"\373\027\217\025$gN\275!\223\351\350\356\312vd;\273"
 148      24674EBD 
 148      2193E9E8 
 148      EECA7664 
 148      3BBB
 149 01ce 5E66B2B9 		.ascii	"^f\262\271\034\251\356\034z\356\000\376\367\327)"
 149      1CA9EE1C 
 149      7AEE00FE 
 149      F7D729
 150              		.text
 151              		.section	.gnu.lto_.symbol_nodes.1ddcdf97,"",%progbits
 152 0000 789C6361 		.ascii	"x\234ca`dpc\000\002&\346z\006\206\011\347\030\030\200"
 152      60647063 
 152      000226E6 
 152      7A068609 
 152      E7181880 
 153 0014 D4AE0645 		.ascii	"\324\256\006E\240\000K=#\252\000k=\023\252\000[=3\212"
 153      A0004B3D 
 153      23AA006B 
 153      3D13AA00 
 153      5B3D338A 
 154 0028 00030028 		.ascii	"\000\003\000(\264\017H"
 154      B40F48
 155              		.text
 156              		.section	.gnu.lto_.refs.1ddcdf97,"",%progbits
 157 0000 789C6361 		.ascii	"x\234ca`\004B \000\000\0009\000\007"
 157      60044220 
 157      00000039 
 157      0007
 158              		.text
 159              		.section	.gnu.lto_.decls.1ddcdf97,"",%progbits
 160 0000 789CAD53 		.ascii	"x\234\255S]l\024U\024\276gf\266]\207.m\232\252\230\360"
 160      5D6C1455 
 160      14BE6766 
 160      B65D872E 
 160      6D9AAA98 
 161 0015 B0E94BD7 		.ascii	"\260\351K\3274,\224\266\204\030cL\304\250/\304\230\310"
 161      342C94B6 
 161      8418634C 
 161      C4A82FC4 
 161      98C8
 162 0027 8359B3D9 		.ascii	"\203Y\263\331\356L\331M\272?\356\354F\211/\267\200\202"
 162      EE4CD94D 
 162      BA3FEEEC 
 162      46892FB7 
 162      8082
 163 0039 18A4C450 		.ascii	"\030\244\304PBUhL\323\262\200\264B\301m\227\302\266"
 163      4255684C 
 163      D3B280B4 
 163      42C16D97 
 163      C2B6
 164 004b 8575A521 		.ascii	"\205u\245!\301\237\252\200\225j\023M\260&\210?m\203"
 164      C19FAA80 
 164      956A134D 
 164      B026883F 
 164      6D83
 165 005d 0D9E7B67 		.ascii	"\015\236{gfg,[\237<\3313s\3579\347;\337w\317\334\225"
 165      66672C5B 
 165      9F3CD933 
 165      73EF39E7 
 165      3BDF77CF 
 166 0073 081066B3 		.ascii	"\010\020f\263\022!\257\343\322\203~\017\315\201\261"
 166      1221AFE3 
 166      D2837E0F 
 166      CD81B1
 167 0082 2DC4324C 		.ascii	"-\3042L\223\363\350\343\350\005\364\011r\277\261|\231"
 167      93F3E8E3 
 167      E805F409 
 167      72BFB17C 
 167      99
 168 0093 81AB46AF 		.ascii	"\201\253F\257A\317\242g\320\207\215\0320\352\226\032"
 168      41CFA267 
 168      D0878D1A 
 168      30EA961A 
 169 00a3 EBEBB0E1 		.ascii	"\353\353\260\3412\006\326\216\033/\201+,\3039l\364`"
 169      3206D68E 
 169      1B2F812B 
 169      2CC3396C 
 169      F460
 170 00b5 261875A5 		.ascii	"&\030u\245\360\354\034\345\377\241\271\316\306_\352"
 170      F0EC1CE5 
 170      FFA1B9CE 
 170      C65FEA
 171 00c4 CC8B021C 		.ascii	"\314\213\002\0349pp\261\354\006\\\003\221\030\303$\000"
 171      397070B1 
 171      EC065C03 
 171      9118C324 
 171      00
 172 00d5 FA13B813 		.ascii	"\372\023\270\023\335\271\341B`{ F\310L\230K\314\010"
 172      DDB9E142 
 172      607B2046 
 172      C84C984B 
 172      CC08
 173 00e7 E6D26AC6 		.ascii	"\346\322j\306\177:\014\340\236i\274\211\275\273\016"
 173      7F3A0CE0 
 173      9E69BC89 
 173      BDBB0E
 174 00f6 D2F7A66E 		.ascii	"\322\367\246n\003\004\202E\000\372\326D\330\372-Qd\324"
 174      03048245 
 174      00FAD644 
 174      D8FA2D51 
 174      64D4
 175 0108 1769F828 		.ascii	"\027i\370(\371\241{\013\3757%Q\000\266\036\375\341\352"
 175      F9A17B0B 
 175      FD372551 
 175      00B61EFD 
 175      E1EA
 176 011a A8E43D41 		.ascii	"\250\344=A\321:(\025\036\267F3u\340\2537+\305\272v\352"
 176      D13A2815 
 176      1EB74633 
 176      75E0AB37 
 176      2BC5BA76 
 177 012f 66BBDB3F 		.ascii	"f\273\333?v]\254\254O\323nJ\247\263\277>\273\235R\200"
 177      765DACAC 
 177      4FD36E4A 
 177      A7B3BF3E 
 177      BB9D5280 
 178 0143 2D0FC131 		.ascii	"-\017\3011\020!\015\336\"(36s\265L|\302\000\335\315"
 178      10210DDE 
 178      22283336 
 178      73B54C7C 
 178      C200DDCD 
 179 0157 FFF58DAC 		.ascii	"\377\365\215\254\203r\033\253X\375\011\254?\016\365"
 179      83721BAB 
 179      58FD09AC 
 179      3F0EF5
 180 0166 C5FAEFE6 		.ascii	"\305\372\357\346:\363\262\270\211K\231*\244\217\213"
 180      3AF3B2B8 
 180      894B992A 
 180      A48F8B
 181 0175 7F085027 		.ascii	"\177\010P'\363)Ub\250\177vh\301\245\207X\305\027\373"
 181      F3295562 
 181      A87F7668 
 181      C1A58758 
 181      C517FB
 182 0188 EEF4948B 		.ascii	"\356\364\224\213\317\361\365\347;\007\336g\325\3252"
 182      CFF1F5E7 
 182      3B07DE67 
 182      D5D532
 183 0197 48B8FDED 		.ascii	"H\270\375\355J\327\314J\334\326\310\340^\024\204\374"
 183      4AD7CC4A 
 183      DCD6C8E0 
 183      5E1484FC 
 184 01a7 DED3A756 		.ascii	"\336\323\247V\200G\356e\007\233\276\226\337\264\177"
 184      8047EE65 
 184      079BBE96 
 184      DFB47F
 185 01b6 179E0ECE 		.ascii	"\027\236\016\316\200\014\037\027%c[|\356\246t;\355\330"
 185      800C1F17 
 185      25635B7C 
 185      EEA6743B 
 185      EDD8
 186 01c8 41AB0B2B 		.ascii	"A\253\013+\011\234\206\325p\012V\023\030\004\017O\303"
 186      099C86D5 
 186      700A5613 
 186      18040F4F 
 186      C3
 187 01d9 0046FA31 		.ascii	"\000F\3721\202\034\351\236\375\037\226\211#\300\370"
 187      821CE99E 
 187      FD1F9689 
 187      23C0F8
 188 01e8 854383C7 		.ascii	"\205C\203\307\346\344\"\303\007\3574\341\014\253 \203"
 188      E6E422C3 
 188      07EF34E1 
 188      0CAB2083 
 189 01f8 04672D02 		.ascii	"\004g-\002\344[\226\341\223\022\014\273f{\276\026$\374"
 189      E45B96E1 
 189      93120CBB 
 189      667BBE16 
 189      24FC
 190 020a 50BC518B 		.ascii	"P\274Q\213\304bt\362pM\305\036\253\005O\231]\010\014"
 190      C46274F2 
 190      704DC51E 
 190      AB054F99 
 190      5D080C
 191 021d 438531CB 		.ascii	"C\2051\313\301\276;\324\351z\333V\2119[e\026\\Fen\250"
 191      C1BE3BD4 
 191      E97ADB56 
 191      89395B65 
 191      165C4665 
 192 0233 2BEDE434 		.ascii	"+\355\3444\030\203!\320y\272\276\367\254\352\344\027"
 192      188321D0 
 192      79BABEF7 
 192      ACEAE417 
 193 0243 6107754B 		.ascii	"a\007uK\354kY\330\021X\205\317s \351\015\376\276\335"
 193      EC6B59D8 
 193      115885CF 
 193      7320E90D 
 193      FEBEDD
 194 0256 F9606D37 		.ascii	"\371`m7\355\036\300\313\260\260\356\020\315\355\244"
 194      ED1EC0CB 
 194      B0B0EE10 
 194      CDEDA4
 195 0265 6CBC5805 		.ascii	"l\274X\005'\361\364\037\361/\014G\331\277\212@\037\334"
 195      27F1F41F 
 195      F12F0C47 
 195      D9BF8A40 
 195      1FDC
 196 0277 C01B781E 		.ascii	"\300\033x\036j\0218s\244oD\024{\364\273w\367\362\350"
 196      6A113873 
 196      A46F4414 
 196      7BF4BB77 
 196      F7F2E8
 197 028a 64B9784E 		.ascii	"d\271xN\337\354\333\363\336\227+\212\232\364\243\237"
 197      DFECDBF3 
 197      DE972B8A 
 197      9AF4A39F 
 198 029a CD5E3FEA 		.ascii	"\315^?\352\264k\372\367\321\307\270\250QS\324\033\273"
 198      B46BFAF7 
 198      D1C7B8A8 
 198      5153D41B 
 198      BB
 199 02ab 7FDA2BA2 		.ascii	"\177\332+\242\252\351\001\232\233\014\351\242\332\005"
 199      AAE9019A 
 199      9B0CE9A2 
 199      DA05
 200 02b9 5605394B 		.ascii	"V\0059K\324\005\273\250q.\252w\354\367)\227\230\323"
 200      D405BBA8 
 200      712EAA77 
 200      ECF72997 
 200      98D3
 201 02cb 75CC2DDC 		.ascii	"u\314-\334\252\023\257\013\306\015.\245\352\360\237"
 201      AA13AF0B 
 201      C60D2EA5 
 201      EAF09F
 202 02da 270FBA96 		.ascii	"'\017\272\226\235\324\247\\T\336\024uk\342\335\366\012"
 202      9DD4A75C 
 202      54DE1475 
 202      6BE2DDF6 
 202      0A
 203 02eb 7D54B99B 		.ascii	"}T\271\233\337V\320\216vJ\237dEp\311\322t\321\256\251"
 203      DF56D08E 
 203      764A9F64 
 203      4570C9D2 
 203      74D1AEA9 
 204 02ff C035657E 		.ascii	"\3005e~\271\320\001\342\264\256\351\312|\357\317Nq\336"
 204      B9D001E2 
 204      B4AEE9CA 
 204      7CEFCF4E 
 204      71DE
 205 0311 14357669 		.ascii	"\0245vi2\373\200\321s^\241o\241\020\211\267\274l\265"
 205      32FB80D1 
 205      735EA16F 
 205      A11089B7 
 205      BC6CB5
 206 0324 FCCCDE72 		.ascii	"\374\314\336r\002j\311#\376\22767\267\306\022\311P\363"
 206      026AC923 
 206      FE973637 
 206      B7C612C9 
 206      50F3
 207 0336 ABB184A2 		.ascii	"\253\261\204\2425\305SZ\350\351\027\236\217D\344g6\277"
 207      35C5535A 
 207      E8E9179E 
 207      8F44E467 
 207      36BF
 208 0348 E87EAABE 		.ascii	"\350~\252\276\276\241\2018xA\225\327\273VK\004\327\006"
 208      BEA18138 
 208      784195D7 
 208      BB564B04 
 208      D706
 209 035a 6309D51B 		.ascii	"c\011\325\033\214\307\211\203#$\206\220\375\376T8\232"
 209      8CC78983 
 209      23248690 
 209      FDFE5438 
 209      9A
 210 036b 6C5CEF4F 		.ascii	"l\\\357O\206\202\217\371\342\211\330\326D \342n\015"
 210      86828FF9 
 210      E289D8D6 
 210      4420E26E 
 210      0D
 211 037c B7A99ADB 		.ascii	"\267\251\232\333\363\332\306\015\217\372\266FS\356d"
 211      F3DAC60D 
 211      8FFAB646 
 211      53EE64
 212 038b 2CD6A6B9 		.ascii	",\326\246\271\003\211\210[\215\264\250\212\242*\276"
 212      0389885B 
 212      8DB4A88A 
 212      A22ABE
 213 039a 666F937B 		.ascii	"fo\223{\375\272\206\015\2574\3720\276&\032\213\252k"
 213      FDBA860D 
 213      AF34FA30 
 213      BE261A8B 
 213      AA6B
 214 03ac D4404BD8 		.ascii	"\324@K\330\027\216\006\333R\212\352\213\004\202\241"
 214      178E06DB 
 214      528AEA8B 
 214      0482A1
 215 03bb 7054F5F9 		.ascii	"pT\365\371\025\2655\220jK\372\223\333\342\252\346\015"
 215      15B53590 
 215      6A4BFA93 
 215      DBE2AAE6 
 215      0D
 216 03cc 11A7C9F8 		.ascii	"\021\247\311\370\362\377\314\250m\323|~-\251`{\244y"
 216      F2FFCCA8 
 216      6DD37C7E 
 216      2DA9607B 
 216      A479
 217 03de 78C9841A 		.ascii	"x\311\204\032\343\2618\033\220\210\357\245\323k\326"
 217      E3B1381B 
 217      9088EFA5 
 217      D36BD6
 218 03ed 92381C96 		.ascii	"\2228\034\226u\360\325}\330\200\242p,\276\377\001\237"
 218      75F0D57D 
 218      D880A270 
 218      2CBEFF01 
 218      9F
 219 03fe 08F247   		.ascii	"\010\362G"
 220              		.text
 221              		.section	.gnu.lto_.symtab.1ddcdf97,"",%progbits
 222 0000 5F5A4E35 		.ascii	"_ZN5forth5words4pushERPmm\000"
 222      666F7274 
 222      6835776F 
 222      72647334 
 222      70757368 
 223 001a 00       		.ascii	"\000"
 224 001b 00       		.ascii	"\000"
 225 001c 00       		.ascii	"\000"
 226 001d 00000000 		.ascii	"\000\000\000\000\000\000\000\000"
 226      00000000 
 227 0025 BE000000 		.ascii	"\276\000\000\000"
 228 0029 5F5A4E35 		.ascii	"_ZN5forth5words3popERPm\000"
 228      666F7274 
 228      6835776F 
 228      72647333 
 228      706F7045 
 229 0041 00       		.ascii	"\000"
 230 0042 00       		.ascii	"\000"
 231 0043 00       		.ascii	"\000"
 232 0044 00000000 		.ascii	"\000\000\000\000\000\000\000\000"
 232      00000000 
 233 004c C3000000 		.ascii	"\303\000\000\000"
 234 0050 5F5A4E35 		.ascii	"_ZN5forth5words5storeERPm\000"
 234      666F7274 
 234      6835776F 
 234      72647335 
 234      73746F72 
 235 006a 00       		.ascii	"\000"
 236 006b 00       		.ascii	"\000"
 237 006c 00       		.ascii	"\000"
 238 006d 00000000 		.ascii	"\000\000\000\000\000\000\000\000"
 238      00000000 
 239 0075 C8000000 		.ascii	"\310\000\000\000"
 240 0079 5F5A4E35 		.ascii	"_ZN5forth5words3addERPm\000"
 240      666F7274 
 240      6835776F 
 240      72647333 
 240      61646445 
 241 0091 00       		.ascii	"\000"
 242 0092 00       		.ascii	"\000"
 243 0093 00       		.ascii	"\000"
 244 0094 00000000 		.ascii	"\000\000\000\000\000\000\000\000"
 244      00000000 
 245 009c CB000000 		.ascii	"\313\000\000\000"
 246              		.text
 247              		.section	.gnu.lto_.opts,"",%progbits
 248 0000 272D6665 		.ascii	"'-fexceptions' '-fmath-errno' '-fsigned-zeros' '-ft"
 248      78636570 
 248      74696F6E 
 248      73272027 
 248      2D666D61 
 249 0033 72617070 		.ascii	"rapping-math' '-fno-trapv' '-fno-openmp' '-fno-open"
 249      696E672D 
 249      6D617468 
 249      2720272D 
 249      666E6F2D 
 250 0066 61636327 		.ascii	"acc' '-mcpu=cortex-m4' '-mthumb' '-g' '-O3' '-fmess"
 250      20272D6D 
 250      6370753D 
 250      636F7274 
 250      65782D6D 
 251 0099 6167652D 		.ascii	"age-length=0' '-fsigned-char' '-ffunction-sections'"
 251      6C656E67 
 251      74683D30 
 251      2720272D 
 251      66736967 
 252 00cc 20272D66 		.ascii	" '-fdata-sections' '-flto' '-fabi-version=0'\000"
 252      64617461 
 252      2D736563 
 252      74696F6E 
 252      73272027 
 253              		.text
 254              		.comm	__gnu_lto_v1,1,1
 255              		.comm	__gnu_lto_slim,1,1
 256              		.ident	"GCC: (GNU Tools for ARM Embedded Processors) 5.4.1 20160919 (release) [ARM/embedded-5-bran
DEFINED SYMBOLS
                            *ABS*:00000000 core.cpp
                            *COM*:00000001 __gnu_lto_v1
                            *COM*:00000001 __gnu_lto_slim

NO UNDEFINED SYMBOLS
